<?xml version="1.0" encoding="UTF-8"?>
<coverage generated="1557992676753" clover="3.2.0">
  <project timestamp="1557992676753" name="All files">
    <metrics statements="23" coveredstatements="23" conditionals="2" coveredconditionals="1" methods="14" coveredmethods="14" elements="39" coveredelements="38" complexity="0" loc="23" ncloc="23" packages="1" files="3" classes="3"/>
    <file name="async.ts" path="/Users/meteor/test/react-quick/jest/src/async.ts">
      <metrics statements="9" coveredstatements="9" conditionals="0" coveredconditionals="0" methods="7" coveredmethods="7"/>
      <line num="3" count="1" type="stmt"/>
      <line num="4" count="2" type="stmt"/>
      <line num="5" count="2" type="stmt"/>
      <line num="9" count="1" type="stmt"/>
      <line num="10" count="3" type="stmt"/>
      <line num="11" count="3" type="stmt"/>
      <line num="15" count="1" type="stmt"/>
      <line num="16" count="3" type="stmt"/>
      <line num="17" count="3" type="stmt"/>
    </file>
    <file name="setupTeardown.ts" path="/Users/meteor/test/react-quick/jest/src/setupTeardown.ts">
      <metrics statements="12" coveredstatements="12" conditionals="2" coveredconditionals="1" methods="6" coveredmethods="6"/>
      <line num="1" count="1" type="stmt"/>
      <line num="2" count="1" type="stmt"/>
      <line num="3" count="1" type="stmt"/>
      <line num="4" count="1" type="stmt"/>
      <line num="7" count="1" type="stmt"/>
      <line num="8" count="1" type="cond" truecount="1" falsecount="1"/>
      <line num="9" count="4" type="stmt"/>
      <line num="13" count="1" type="stmt"/>
      <line num="14" count="1" type="stmt"/>
      <line num="17" count="1" type="stmt"/>
      <line num="18" count="2" type="stmt"/>
      <line num="21" count="1" type="stmt"/>
    </file>
    <file name="sum.ts" path="/Users/meteor/test/react-quick/jest/src/sum.ts">
      <metrics statements="2" coveredstatements="2" conditionals="0" coveredconditionals="0" methods="1" coveredmethods="1"/>
      <line num="1" count="1" type="stmt"/>
      <line num="2" count="1" type="stmt"/>
    </file>
  </project>
</coverage>
