TN:
SF:/Users/meteor/test/react-quick/jest/src/async.ts
FN:3,asyncMethod
FN:4,(anonymous_1)
FN:9,promise
FN:10,(anonymous_3)
FN:11,(anonymous_4)
FN:15,rejectPromise
FN:16,(anonymous_6)
FNF:7
FNH:7
FNDA:2,asyncMethod
FNDA:2,(anonymous_1)
FNDA:3,promise
FNDA:3,(anonymous_3)
FNDA:3,(anonymous_4)
FNDA:3,rejectPromise
FNDA:3,(anonymous_6)
DA:3,1
DA:4,2
DA:5,2
DA:9,1
DA:10,3
DA:11,3
DA:15,1
DA:16,3
DA:17,3
LF:9
LH:9
BRF:0
BRH:0
end_of_record
TN:
SF:/Users/meteor/test/react-quick/jest/src/setupTeardown.ts
FN:3,initializeCityDatabase
FN:7,isCity
FN:8,(anonymous_2)
FN:13,clearCityDatabase
FN:17,isValidCityFoodPair
FN:21,initializeFoodDatabase
FNF:6
FNH:6
FNDA:1,initializeCityDatabase
FNDA:1,isCity
FNDA:4,(anonymous_2)
FNDA:1,clearCityDatabase
FNDA:2,isValidCityFoodPair
FNDA:2,initializeFoodDatabase
DA:1,1
DA:2,1
DA:3,1
DA:4,1
DA:7,1
DA:8,1
DA:9,4
DA:13,1
DA:14,1
DA:17,1
DA:18,2
DA:21,1
LF:12
LH:12
BRDA:8,0,0,1
BRDA:8,0,1,0
BRF:2
BRH:1
end_of_record
TN:
SF:/Users/meteor/test/react-quick/jest/src/sum.ts
FN:1,sum
FNF:1
FNH:1
FNDA:1,sum
DA:1,1
DA:2,1
LF:2
LH:2
BRF:0
BRH:0
end_of_record
